DEB [20161006-19:46:08.490] thr=1   paramiko.transport: starting thread (client mode): 0xfe11310L
DEB [20161006-19:46:08.490] thr=1   paramiko.transport: Local version/idstring: SSH-2.0-paramiko_1.17.2
DEB [20161006-19:46:08.505] thr=1   paramiko.transport: Remote version/idstring: SSH-2.0-OpenSSH_5.3
INF [20161006-19:46:08.506] thr=1   paramiko.transport: Connected (version 2.0, client OpenSSH_5.3)
DEB [20161006-19:46:08.508] thr=1   paramiko.transport: kex algos:[u'diffie-hellman-group-exchange-sha256', u'diffie-hellman-group-exchange-sha1', u'diffie-hellman-group14-sha1', u'diffie-hellman-group1-sha1'] server key:[u'ssh-rsa', u'ssh-dss'] client encrypt:[u'aes128-ctr', u'aes192-ctr', u'aes256-ctr', u'arcfour256', u'arcfour128', u'aes128-cbc', u'3des-cbc', u'blowfish-cbc', u'cast128-cbc', u'aes192-cbc', u'aes256-cbc', u'arcfour', u'rijndael-cbc@lysator.liu.se'] server encrypt:[u'aes128-ctr', u'aes192-ctr', u'aes256-ctr', u'arcfour256', u'arcfour128', u'aes128-cbc', u'3des-cbc', u'blowfish-cbc', u'cast128-cbc', u'aes192-cbc', u'aes256-cbc', u'arcfour', u'rijndael-cbc@lysator.liu.se'] client mac:[u'hmac-md5', u'hmac-sha1', u'umac-64@openssh.com', u'hmac-sha2-256', u'hmac-sha2-512', u'hmac-ripemd160', u'hmac-ripemd160@openssh.com', u'hmac-sha1-96', u'hmac-md5-96'] server mac:[u'hmac-md5', u'hmac-sha1', u'umac-64@openssh.com', u'hmac-sha2-256', u'hmac-sha2-512', u'hmac-ripemd160', u'hmac-ripemd160@openssh.com', u'hmac-sha1-96', u'hmac-md5-96'] client compress:[u'none', u'zlib@openssh.com'] server compress:[u'none', u'zlib@openssh.com'] client lang:[u''] server lang:[u''] kex follows?False
DEB [20161006-19:46:08.508] thr=1   paramiko.transport: Kex agreed: diffie-hellman-group1-sha1
DEB [20161006-19:46:08.508] thr=1   paramiko.transport: Cipher agreed: aes128-ctr
DEB [20161006-19:46:08.508] thr=1   paramiko.transport: MAC agreed: hmac-sha2-256
DEB [20161006-19:46:08.509] thr=1   paramiko.transport: Compression agreed: none
DEB [20161006-19:46:08.522] thr=1   paramiko.transport: kex engine KexGroup1 specified hash_algo <built-in function openssl_sha1>
DEB [20161006-19:46:08.523] thr=1   paramiko.transport: Switch to new keys ...
DEB [20161006-19:46:08.529] thr=2   paramiko.transport: Adding ssh-rsa host key for 192.168.1.50: 313a8980f74b63ffd38a41ba51d24c8d
DEB [20161006-19:46:08.530] thr=2   paramiko.transport: Trying discovered key 96efb2820a03d86cc49508f847222ffc in /Users/kevinzhang/.ssh/id_rsa
DEB [20161006-19:46:08.563] thr=1   paramiko.transport: userauth is OK
INF [20161006-19:46:08.752] thr=1   paramiko.transport: Authentication (publickey) successful!
DEB [20161006-19:46:08.773] thr=2   paramiko.transport: [chan 0] Max packet in: 32768 bytes
DEB [20161006-19:46:08.987] thr=1   paramiko.transport: [chan 0] Max packet out: 32768 bytes
DEB [20161006-19:46:08.987] thr=1   paramiko.transport: Secsh channel 0 opened.
DEB [20161006-19:46:08.992] thr=1   paramiko.transport: [chan 0] Sesch channel 0 request ok
DEB [20161006-19:46:09.042] thr=1   paramiko.transport: [chan 0] EOF received (0)
DEB [20161006-19:46:09.044] thr=1   paramiko.transport: EOF in transport thread
